VendorID=9108 Code=A AcctID=2194850084423218
VendorID=1285 Code=F AcctID=8560077531775179
VendorID=1153 Code=D AcctID=4433276107716482
VendorID=7042 Code=N AcctID=4139333167069488
VendorID=1065 Code=L AcctID=3168124750473449
VendorID=1024 Code=F AcctID=7633402281782166
VendorID=1040 Code=E AcctID=9187440375155309
VendorID=5006 Code=I AcctID=6825295469531006
VendorID=7045 Code=F AcctID=4964694316264138
VendorID=1199 Code=L AcctID=2915747554285763
VendorID=4112 Code=B AcctID=2928233072260731
VendorID=7034 Code=N AcctID=3565518107081047
VendorID=1239 Code=D AcctID=9140740856660300
VendorID=9104 Code=N AcctID=2275859872963969
VendorID=1041 Code=N AcctID=8455447835470183
VendorID=5070 Code=B AcctID=8039947906648812
VendorID=1252 Code=F AcctID=7234663941091228
VendorID=1009 Code=A AcctID=6628745648452898
VendorID=1126 Code=M AcctID=7536414611746151
VendorID=7009 Code=I AcctID=6740439380337190
VendorID=5069 Code=E AcctID=2356847161261329
VendorID=1238 Code=F AcctID=7701097470611298
VendorID=7016 Code=A AcctID=5796597856272178
VendorID=3104 Code=D AcctID=5816905075214733
VendorID=1228 Code=F AcctID=4013603031471537
VendorID=1181 Code=K AcctID=3603460422103974
VendorID=1009 Code=I AcctID=2524677475331892
VendorID=4114 Code=C AcctID=9716671855916929
VendorID=1098 Code=F AcctID=9363219854437254
VendorID=5018 Code=D AcctID=1242405799296148
VendorID=1064 Code=N AcctID=6366997605954848
VendorID=1077 Code=J AcctID=2144203504725188
VendorID=1034 Code=J AcctID=9535543097562237
VendorID=1121 Code=B AcctID=3342996673404147
VendorID=7035 Code=B AcctID=7520470167325291
VendorID=1090 Code=C AcctID=8042349683983936
VendorID=3112 Code=N AcctID=3779507379335575
VendorID=9102 Code=I AcctID=7143284130755768
VendorID=1105 Code=L AcctID=2262260334613140
VendorID=1055 Code=B AcctID=9054704365592950
VendorID=4106 Code=A AcctID=2981523288787363
VendorID=1021 Code=I AcctID=8061956671106855
VendorID=7035 Code=D AcctID=8444069733096611
VendorID=1030 Code=B AcctID=9604366345611467
VendorID=1055 Code=F AcctID=9013572107631138
VendorID=1151 Code=N AcctID=8761983806101017
VendorID=5007 Code=L AcctID=1348644889675125
VendorID=9110 Code=A AcctID=7992461669265091
VendorID=1041 Code=I AcctID=8645874532678372
